<?xml version="1.0" encoding="UTF-8"?>
<testsuite xmlns:xsi="http://www.w3.org/2001/XMLSchema-instance" xsi:noNamespaceSchemaLocation="https://maven.apache.org/surefire/maven-surefire-plugin/xsd/surefire-test-report-3.0.xsd" version="3.0" name="com.hkjava.AppTest" time="0.623" tests="5" errors="0" skipped="0" failures="0">
  <properties>
[...]
</properties>
  <testcase name="testAdd2" classname="com.hkjava.AppTest" time="0.587"/>
  <testcase name="testMultiply2" classname="com.hkjava.AppTest" time="0.003"/>
  <testcase name="Testadd" classname="com.hkjava.AppTest" time="0.005"/>
  <testcase name="testSubstract" classname="com.hkjava.AppTest" time="0.002"/>
  <testcase name="testMultiply" classname="com.hkjava.AppTest" time="0.002"/>
</testsuite>